#
# There is insufficient memory for the Java Runtime Environment to continue.
# Native memory allocation (malloc) failed to allocate 1048576 bytes for AllocateHeap
# Possible reasons:
#   The system is out of physical RAM or swap space
#   In 32 bit mode, the process size limit was hit
# Possible solutions:
#   Reduce memory load on the system
#   Increase physical memory or swap space
#   Check if swap backing store is full
#   Use 64 bit Java on a 64 bit OS
#   Decrease Java heap size (-Xmx/-Xms)
#   Decrease number of Java threads
#   Decrease Java thread stack sizes (-Xss)
#   Set larger code cache with -XX:ReservedCodeCacheSize=
# This output file may be truncated or incomplete.
#
#  Out of Memory Error (memory/allocation.inline.hpp:61), pid=281688, tid=0x000000000004503c
#
# JRE version:  (8.0_171-b11) (build )
# Java VM: Java HotSpot(TM) 64-Bit Server VM (25.171-b11 mixed mode windows-amd64 compressed oops)
# Failed to write core dump. Minidumps are not enabled by default on client versions of Windows
#

---------------  T H R E A D  ---------------

Current thread (0x0000000002b8e800):  JavaThread "Unknown thread" [_thread_in_vm, id=282684, stack(0x0000000002a80000,0x0000000002b80000)]

Stack: [0x0000000002a80000,0x0000000002b80000]
[error occurred during error reporting (printing stack bounds), id 0xc0000005]

Native frames: (J=compiled Java code, j=interpreted, Vv=VM code, C=native code)


---------------  P R O C E S S  ---------------

Java Threads: ( => current thread )

Other Threads:

=>0x0000000002b8e800 (exited) JavaThread "Unknown thread" [_thread_in_vm, id=282684, stack(0x0000000002a80000,0x0000000002b80000)]

VM state:not at safepoint (normal execution)

VM Mutex/Monitor currently owned by a thread: None

Heap:
 PSYoungGen      total 2048K, used 30K [0x000000076b400000, 0x000000076b680000, 0x00000007c0000000)
  eden space 1536K, 2% used [0x000000076b400000,0x000000076b407af0,0x000000076b580000)
  from space 512K, 0% used [0x000000076b600000,0x000000076b600000,0x000000076b680000)
  to   space 512K, 0% used [0x000000076b580000,0x000000076b580000,0x000000076b600000)
 ParOldGen       total 5632K, used 0K [0x00000006c1c00000, 0x00000006c2180000, 0x000000076b400000)
  object space 5632K, 0% used [0x00000006c1c00000,0x00000006c1c00000,0x00000006c2180000)
 Metaspace       used 774K, capacity 4480K, committed 4480K, reserved 1056768K
  class space    used 76K, capacity 384K, committed 384K, reserved 1048576K

Card table byte_map: [0x0000000012050000,0x0000000012850000] byte_map_base: 0x000000000ea42000

Marking Bits: (ParMarkBitMap*) 0x0000000074d208c0
 Begin Bits: [0x00000000135a0000, 0x0000000017530000)
 End Bits:   [0x0000000017530000, 0x000000001b4c0000)

Polling page: 0x0000000000f00000

CodeCache: size=245760Kb used=328Kb max_used=328Kb free=245431Kb
 bounds [0x0000000002c90000, 0x0000000002f00000, 0x0000000011c90000]
 total_blobs=58 nmethods=0 adapters=38
 compilation: enabled

Compilation events (0 events):
No events

GC Heap History (0 events):
No events

Deoptimization events (0 events):
No events

Classes redefined (0 events):
No events

Internal exceptions (0 events):
No events

Events (10 events):
Event: 0.045 loading class java/lang/Short
Event: 0.045 loading class java/lang/Short done
Event: 0.045 loading class java/lang/Integer
Event: 0.045 loading class java/lang/Integer done
Event: 0.045 loading class java/lang/Long
Event: 0.045 loading class java/lang/Long done
Event: 0.046 loading class java/lang/NullPointerException
Event: 0.046 loading class java/lang/NullPointerException done
Event: 0.046 loading class java/lang/ArithmeticException
Event: 0.046 loading class java/lang/ArithmeticException done


Dynamic libraries:
0x00007ff6a6ee0000 - 0x00007ff6a6ee7000 	C:\Program Files\Java\jdk1.8.0_171\bin\javac.exe
0x00007ffba5bf0000 - 0x00007ffba5dd1000 	C:\Windows\SYSTEM32\ntdll.dll
0x00007ffba57c0000 - 0x00007ffba5871000 	C:\Windows\System32\KERNEL32.DLL
0x00007ffba2880000 - 0x00007ffba2af3000 	C:\Windows\System32\KERNELBASE.dll
0x0000000077500000 - 0x000000007752f000 	C:\Program Files\Java\jdk1.8.0_171\bin\jli.dll
0x0000000076110000 - 0x00000000761e2000 	C:\Program Files\Java\jdk1.8.0_171\bin\MSVCR100.dll
0x00007ffba5880000 - 0x00007ffba5921000 	C:\Windows\System32\ADVAPI32.dll
0x00007ffba4b10000 - 0x00007ffba4bae000 	C:\Windows\System32\msvcrt.dll
0x00007ffba55d0000 - 0x00007ffba562b000 	C:\Windows\System32\sechost.dll
0x00007ffba4d10000 - 0x00007ffba4e34000 	C:\Windows\System32\RPCRT4.dll
0x00007ffba5630000 - 0x00007ffba57c0000 	C:\Windows\System32\USER32.dll
0x00007ffba2e70000 - 0x00007ffba2e90000 	C:\Windows\System32\win32u.dll
0x00007ffb95ad0000 - 0x00007ffb95d39000 	C:\Windows\WinSxS\amd64_microsoft.windows.common-controls_6595b64144ccf1df_6.0.17134.706_none_fb43a2cb30647007\COMCTL32.dll
0x00007ffba48c0000 - 0x00007ffba48e8000 	C:\Windows\System32\GDI32.dll
0x00007ffba2bd0000 - 0x00007ffba2d62000 	C:\Windows\System32\gdi32full.dll
0x00007ffba3150000 - 0x00007ffba3472000 	C:\Windows\System32\combase.dll
0x00007ffba2dd0000 - 0x00007ffba2e6f000 	C:\Windows\System32\msvcp_win.dll
0x00007ffba2780000 - 0x00007ffba2878000 	C:\Windows\System32\ucrtbase.dll
0x00007ffba2b00000 - 0x00007ffba2b7a000 	C:\Windows\System32\bcryptPrimitives.dll
0x00007ffba54b0000 - 0x00007ffba54dd000 	C:\Windows\System32\IMM32.DLL
0x00007ffba1dc0000 - 0x00007ffba1df1000 	C:\Windows\system32\DriverStore\FileRepository\nvlti.inf_amd64_9d398ade04905fdb\nvinitx.dll
0x00007ffba1db0000 - 0x00007ffba1dba000 	C:\Windows\SYSTEM32\VERSION.dll
0x00007ffba3480000 - 0x00007ffba48c0000 	C:\Windows\System32\Shell32.dll
0x00007ffba2b80000 - 0x00007ffba2bc9000 	C:\Windows\System32\cfgmgr32.dll
0x00007ffba4a60000 - 0x00007ffba4b09000 	C:\Windows\System32\shcore.dll
0x00007ffba2070000 - 0x00007ffba277d000 	C:\Windows\System32\windows.storage.dll
0x00007ffba4990000 - 0x00007ffba49e1000 	C:\Windows\System32\shlwapi.dll
0x00007ffba1fa0000 - 0x00007ffba1fb1000 	C:\Windows\System32\kernel.appcore.dll
0x00007ffba1f60000 - 0x00007ffba1f7f000 	C:\Windows\System32\profapi.dll
0x00007ffba1f00000 - 0x00007ffba1f4c000 	C:\Windows\System32\powrprof.dll
0x00007ffba1f50000 - 0x00007ffba1f5a000 	C:\Windows\System32\FLTLIB.DLL
0x0000000050170000 - 0x0000000050176000 	C:\Program Files\NVIDIA Corporation\CoProcManager\_etoured.dll
0x00007ffb9e930000 - 0x00007ffb9e970800 	C:\Program Files\NVIDIA Corporation\CoProcManager\nvd3d9wrapx.dll
0x00007ffba4fe0000 - 0x00007ffba542b000 	C:\Windows\System32\SETUPAPI.dll
0x00007ffb9e7c0000 - 0x00007ffb9e7ea000 	C:\Program Files\NVIDIA Corporation\CoProcManager\nvdxgiwrapx.dll
0x0000000076030000 - 0x0000000076102000 	C:\Program Files\Java\jdk1.8.0_171\jre\bin\msvcr100.dll
0x0000000074500000 - 0x0000000074da0000 	C:\Program Files\Java\jdk1.8.0_171\jre\bin\server\jvm.dll
0x00007ffba5930000 - 0x00007ffba5938000 	C:\Windows\System32\PSAPI.DLL
0x00007ffb8d370000 - 0x00007ffb8d379000 	C:\Windows\SYSTEM32\WSOCK32.dll
0x00007ffba0050000 - 0x00007ffba0073000 	C:\Windows\SYSTEM32\WINMM.dll
0x00007ffba5560000 - 0x00007ffba55cc000 	C:\Windows\System32\WS2_32.dll
0x00007ffb9ff40000 - 0x00007ffb9ff6a000 	C:\Windows\SYSTEM32\WINMMBASE.dll
0x00000000774f0000 - 0x00000000774ff000 	C:\Program Files\Java\jdk1.8.0_171\jre\bin\verify.dll
0x0000000076000000 - 0x0000000076029000 	C:\Program Files\Java\jdk1.8.0_171\jre\bin\java.dll
0x00000000774d0000 - 0x00000000774e6000 	C:\Program Files\Java\jdk1.8.0_171\jre\bin\zip.dll

VM Arguments:
jvm_args: -Dapplication.home=C:\Program Files\Java\jdk1.8.0_171 -Xms8m 
java_command: com.sun.tools.javac.Main C:\Users\jren\Desktop\codepad\Jren.java
java_class_path (initial): C:\Program Files\Java\jdk1.8.0_171/lib/tools.jar;C:\Program Files\Java\jdk1.8.0_171/classes
Launcher Type: SUN_STANDARD

Environment Variables:
PATH=C:\Program Files (x86)\Common Files\Oracle\Java\javapath;C:\Windows\system32;C:\Windows;C:\Windows\System32\Wbem;C:\Windows\System32\WindowsPowerShell\v1.0\;C:\Windows\System32\OpenSSH\;C:\Program Files\Git\cmd;C:\ProgramData\Anaconda3;C:\Program Files\Java\jdk1.8.0_171\bin;C:\Program Files\Microsoft VS Code\bin;C:\Go\bin;C:\Program Files\WIDCOMM\Bluetooth Software\;C:\Program Files\WIDCOMM\Bluetooth Software\syswow64;C:\MinGW\bin;C:\Users\jren\AppData\Roaming\nvm;C:\Program Files\nodejs;C:\Users\jren\AppData\Roaming\nvm\v10.11.0;C:\Ruby26-x64\bin;C:\Users\jren\AppData\Local\Microsoft\WindowsApps;C:\Users\jren\go\bin;C:\Users\jren\AppData\Roaming\nvm;C:\Program Files\nodejs
USERNAME=jren
OS=Windows_NT
PROCESSOR_IDENTIFIER=Intel64 Family 6 Model 42 Stepping 7, GenuineIntel



---------------  S Y S T E M  ---------------

OS: Windows 10.0 , 64 bit Build 17134 (10.0.17134.706)

CPU:total 8 (initial active 8) (4 cores per cpu, 2 threads per core) family 6 model 42 stepping 7, cmov, cx8, fxsr, mmx, sse, sse2, sse3, ssse3, sse4.1, sse4.2, popcnt, avx, aes, clmul, ht, tsc, tscinvbit

Memory: 4k page, physical 16657644k(5718152k free), swap 34913640k(5948k free)

vm_info: Java HotSpot(TM) 64-Bit Server VM (25.171-b11) for windows-amd64 JRE (1.8.0_171-b11), built on Mar 28 2018 16:06:12 by "java_re" with MS VC++ 10.0 (VS2010)

time: Fri May 03 20:12:36 2019
elapsed time: 0 seconds (0d 0h 0m 0s)

